
ROM used: 203 (2%)
          203 (2%) including unused fragments

          0 Average locations per line
          23 Average locations per statement

RAM used: 20 (5%) at main() level
          24 (7%) worst case

Stack used: 3 worst case (out of 8 total available)

Lines Stmts  %   Files
----- ----- ---  -----
   26     9 100  rtos.c
  425     0   0  C:\Program Files (x86)\PICC\devices\16F887.h
----- -----
  451     9 Total

Page ROM  %  RAM   Vol Diff  Functions:
---- --- --- ---   --- ----  ----------
0     21  10   1             @delay_ms1
0     16   8   1    48  1.1  led1
0     16   8   1    48  1.1  buzzer
0    138  68   0    43  1.1  MAIN
0      8   4   0             @const72

Program metrics:
    Functions               3
    Statements              9
    Comments                83
    Volume (V)              209
    Difficilty (D)          3.1
    Effort to implement (E) 638
    Time to implement (T)   1 minutes
    Est Delivered Bugs (B)  0
    Cyclomatic Complexity   1
    Maintainability (MI)    179

 Segment     Used  Free
-----------  ----  ----
00000-00003     4  0  
00004-007FF   199  1845  
00800-00FFF     0  2048  
01000-017FF     0  2048  
01800-01FFF     0  2048  



